

Starting up. 18:34.46
---------------------

[18:34:46]ADMIN: Loading jobban_rank
[18:34:46]ADMIN: jobban_keylist was empty
[18:34:46]ADMIN: Updating jobbanfile!
[18:34:46]ADMIN: Loading Banlist
[18:34:46]ADMIN: Banlist is empty.
[18:34:46]ADMIN: Banlist missing base dir.
No donators.txt file found
[18:35:28]ADMIN: Warning, scrubber pipeline connected to supply pipeline at 95, 120, 8!
[18:37:34]ACCESS: Login: Guap6512/(Guap6512) from 127.0.0.1-1851605342 || BYOND v498
[18:37:34]ACCESS: Login: Guap6512/(Guap6512) from 127.0.0.1
[18:37:47]ADMIN: Guap6512/(Guap6512) delayed the game.
[18:38:29]OOC: Guap6512/Guap6512 : 1
[18:45:46]ACCESS: Login: Smet19/(Smet19) from 37.145.197.85-3272461766 || BYOND v503
[18:45:46]ACCESS: Login: Smet19/(Smet19) from 37.145.197.85
[18:46:21]ADMIN: Smet19/(Smet19) : Какой то более свежий билд
[18:46:31]ADMIN: Guap6512/(Guap6512) : Свежайший
[18:46:35]ADMIN: Smet19/(Smet19) : Хули админчат как у гоатфартов?
[18:46:36]ADMIN: Guap6512/(Guap6512) : Даже не вон&#255;ет
[18:46:40]ADMIN: Guap6512/(Guap6512) : Хз
[18:46:44]ADMIN: Smet19/(Smet19) : Что тут фикшенно то?
[18:46:47]ADMIN: Guap6512/(Guap6512) : Он всегда тут такой был
[18:47:20]ADMIN: Guap6512/(Guap6512) : Ну например лэйтджойн происходит в прибыти&#255;х ТГ и ММС
[18:47:26]ADMIN: Guap6512/(Guap6512) : А не на общем месте
[18:47:33]ADMIN: Guap6512/(Guap6512) : Ладно, делай давай и стартуем
[18:48:34]ADMIN: Smet19/(Smet19) removed the delay.
[18:48:38]ADMIN: Guap6512 has started the game.
[18:48:38]ACCESS: Logout: *no client*/(Guap6512)
[18:48:38]ACCESS: Login: Guap6512/(William Wilkerson) from 127.0.0.1-1851605342 || BYOND v498
[18:48:38]ACCESS: Logout: *no client*/(Smet19)
[18:48:38]ACCESS: Login: Smet19/(Adam Johnson) from 37.145.197.85-3272461766 || BYOND v503
[18:48:54]ADMIN: Guap6512/(William Wilkerson) : Ты - каргоюнит?
[18:48:55]ADMIN: Guap6512/(William Wilkerson) : Ух
[18:49:00]ADMIN: Smet19/(Adam Johnson) : Машинист
[18:49:03]ADMIN: Guap6512/(William Wilkerson) : Я стриторилс&#255;
[18:49:05]ADMIN: Guap6512/(William Wilkerson) : 
[18:49:19]ADMIN: Smet19/(Adam Johnson) used secret check_antagonist
[18:49:30]SAY: Adam Johnson/Smet19 : Здрасьте
[18:49:34]OOC: William Wilkerson/Guap6512 : Ебать
[18:49:40]OOC: William Wilkerson/Guap6512 : У мен&#255; персонаж на обезь&#255;нку похож
[18:49:47]OOC: William Wilkerson/Guap6512 : Не так же ставил
[18:49:48]OOC: Adam Johnson/Smet19 : Ниху&#255;
[18:50:00]OOC: William Wilkerson/Guap6512 : Ты чо распедалилс&#255;?
[18:50:07]OOC: Adam Johnson/Smet19 : Кастом ооц цвет
[18:50:09]SAY: William Wilkerson/Guap6512 : Здраствуй
[18:50:11]SAY: William Wilkerson/Guap6512 : Коль не шутишь
[18:50:22]SAY: Adam Johnson/Smet19 : Я никогда не мог пон&#255;ть
[18:50:23]OOC: William Wilkerson/Guap6512 : Я имею ввиду, лицом похож
[18:50:24]SAY: Adam Johnson/Smet19 : Он сломан или нет
[18:50:41]SAY: William Wilkerson/Guap6512 : Сломан
[18:50:43]SAY: William Wilkerson/Guap6512 : Как на луне
[18:50:46]SAY: William Wilkerson/Guap6512 : На шахтерке
[18:50:51]SAY: Adam Johnson/Smet19 : Но он там нормальный
[18:50:54]SAY: William Wilkerson/Guap6512 : И в инженерке
[18:50:57]SAY: William Wilkerson/Guap6512 : Там надо удал&#255;ть
[18:51:00]SAY: William Wilkerson/Guap6512 : И спавнить заново
[18:51:04]SAY: Adam Johnson/Smet19 : Нет же
[18:51:08]SAY: Adam Johnson/Smet19 : Прикрутить
[18:51:13]SAY: Adam Johnson/Smet19 : Панельку открыть
[18:51:15]SAY: Adam Johnson/Smet19 : И врубить
[18:51:20]SAY: Adam Johnson/Smet19 : Ну и плазмы сыпануть
[18:51:22]SAY: William Wilkerson/Guap6512 : Лол
[18:51:25]SAY: William Wilkerson/Guap6512 : Я удал&#255;л всегда
[18:51:34]SAY: William Wilkerson/Guap6512 : Как же тут крутоо...
[18:51:37]SAY: Runtime/ : HSSSSS
[18:51:44]SAY: William Wilkerson/Guap6512 : Хм
[18:51:49]SAY: William Wilkerson/Guap6512 : Никогда не юзал тут аплинк
[18:51:59]SAY: William Wilkerson/Guap6512 : Что там, интересно
[18:52:04]SAY: Runtime/ : Esp!
[18:52:08]SAY: Adam Johnson/Smet19 : Как на ферне
[18:52:18]SAY: William Wilkerson/Guap6512 : Там тоже не юзал
[18:52:20]SAY: William Wilkerson/Guap6512 : Это и есть ферн
[18:52:35]SAY: Adam Johnson/Smet19 : А
[18:52:35]SAY: William Wilkerson/Guap6512 : Как на ферне, говоришь?
[18:52:37]SAY: Adam Johnson/Smet19 : Ну сломан тут
[18:52:39]SAY: Adam Johnson/Smet19 : Чоу
[18:52:44]SAY: William Wilkerson/Guap6512 : Хуево
[18:52:54]GAME: Explosion with size (0, 0, 2) in area Engineering 
[18:52:54]SAY: Adam Johnson/Smet19 : Пуф
[18:52:59]SAY: William Wilkerson/Guap6512 : сломан?
[18:52:59]SAY: Adam Johnson/Smet19 : А БЛЯ
[18:53:05]SAY: William Wilkerson/Guap6512 : Гондон
[18:53:06]OOC: Adam Johnson/Smet19 : Лал
[18:53:10]SAY: Adam Johnson/Smet19 : Я СЛУЧАЙНО
[18:53:12]SAY: William Wilkerson/Guap6512 : У мен&#255; ща комп сгорит от этой хуйни
[18:53:18]SAY: Runtime/ : Esp!
[18:53:20]SAY: Adam Johnson/Smet19 : Я СЛУЧАЙНО АПЛИНК
[18:53:23]EMOTE: William Wilkerson/Guap6512 : <B>William Wilkerson</B> gasps!
[18:53:23]EMOTE: Adam Johnson/Smet19 : <B>Adam Johnson</B> gasps!
[18:53:23]ADMIN: Guap6512/(William Wilkerson) healed / revived Guap6512/(William Wilkerson)
[18:53:29]ADMIN: Smet19/(Adam Johnson) healed / revived Smet19/(Adam Johnson)
[18:53:39]SAY: William Wilkerson/Guap6512 : ЧИНИ СУКА
[18:53:39]EMOTE: William Wilkerson/Guap6512 : <B>William Wilkerson</B> gasps!
[18:53:49]ADMIN: Smet19/(Adam Johnson) has toggled Smet19/(Adam Johnson)'s nodamage to On
[18:53:53]ADMIN: Smet19/(Adam Johnson) has toggled Guap6512/(William Wilkerson)'s nodamage to On
[18:53:59]EMOTE: William Wilkerson/Guap6512 : <B>William Wilkerson</B> gasps!
[18:53:59]EMOTE: Adam Johnson/Smet19 : <B>Adam Johnson</B> gasps!
[18:54:02]SAY: Adam Johnson/Smet19 : Так лучше
[18:54:03]ADMIN: Guap6512/(William Wilkerson) healed / revived Guap6512/(William Wilkerson)
[18:54:06]SAY: Adam Johnson/Smet19 : Пошли сингу построим
[18:54:10]EMOTE: Adam Johnson/Smet19 : <B>Adam Johnson</B> gasps!
[18:54:12]SAY: William Wilkerson/Guap6512 : Стой
[18:54:14]SAY: William Wilkerson/Guap6512 : Ты ебанулс&#255;?
[18:54:15]EMOTE: William Wilkerson/Guap6512 : <B>William Wilkerson</B> gasps!
[18:54:15]EMOTE: Adam Johnson/Smet19 : <B>Adam Johnson</B> gasps!
[18:54:16]SAY: Adam Johnson/Smet19 : Всегда хотел тут ее сделать
[18:54:18]SAY: Adam Johnson/Smet19 : Нет
[18:54:22]SAY: William Wilkerson/Guap6512 : У мен&#255;, гвоорю, очередной комп сгорит
[18:54:31]ADMIN: Smet19/(Adam Johnson) healed / revived Smet19/(Adam Johnson)
[18:54:42]EMOTE: Adam Johnson/Smet19 : <B>Adam Johnson</B> gasps!
[18:54:45]SAY: William Wilkerson/Guap6512 : Чому &#255; не падаю?
[18:54:56]SAY: Adam Johnson/Smet19 : Я годмод дал
[18:55:07]SAY: William Wilkerson/Guap6512 : Не, ты-то падаешь
[18:55:09]ADMIN: Smet19/(Adam Johnson) has granted Smet19 full access.
[18:55:11]SAY: William Wilkerson/Guap6512 : Хот&#255; у теб&#255; тоже годмод
[18:55:21]SAY: Adam Johnson/Smet19 : Я долго без воздуха сто&#255;л
[18:55:24]SAY: William Wilkerson/Guap6512 : Го на ТГ слетаем
[18:55:28]SAY: Adam Johnson/Smet19 : Ща слетаем
[18:55:37]SAY: Runtime/ : Esp!
[18:55:40]SAY: William Wilkerson/Guap6512 : крту дай
[18:55:43]SAY: William Wilkerson/Guap6512 : Я консоль проверю
[18:56:26]GAME: Explosion with size (-1, 0, 2) in area Cargo Bay 
[18:56:32]ADMIN: Smet19/(Adam Johnson) healed / revived Smet19/(Adam Johnson)
[18:56:37]ADMIN: Guap6512/(William Wilkerson) : Что это было?
[18:56:40]ADMIN: Smet19/(Adam Johnson) healed / revived Guap6512/(William Wilkerson)
[18:56:42]SAY: Adam Johnson/Smet19 : ФУЕЛТАНК
[18:56:43]SAY: William Wilkerson/Guap6512 : Трахать
[18:56:48]OOC: Adam Johnson/Smet19 : ФУЕЛТАНК
[18:56:48]ADMIN: Guap6512/(William Wilkerson) : Оглох
[18:56:50]ADMIN: Guap6512/(William Wilkerson) : 
[18:56:59]ADMIN: Guap6512/(William Wilkerson) : Го на ТГ
[18:57:13]OOC: Adam Johnson/Smet19 : Я знаю охуенны способ туда попасть
[18:57:20]SAY: Adam Johnson/Smet19 : Ты иди
[18:57:22]SAY: William Wilkerson/Guap6512 : Показывай
[18:57:26]ADMIN: Guap6512/(William Wilkerson) : Показывай
[18:57:35]OOC: Adam Johnson/Smet19 : Я его юзал, но редко
[18:58:02]SAY: Adam Johnson/Smet19 : Металла нету
[18:58:05]SAY: Adam Johnson/Smet19 : Сцукпзд
[18:58:08]SAY: William Wilkerson/Guap6512 : Наспавнь
[18:58:11]SAY: William Wilkerson/Guap6512 : чокаклох
[18:58:20]SAY: Adam Johnson/Smet19 : Залезай
[18:58:37]ADMIN: Guap6512/(William Wilkerson) : МАМО МНЕ СТРАШНО
[18:58:44]SAY: Adam Johnson/Smet19 : Не бойс&#255; сынок
[18:58:57]ACCESS: Logout: *no client*/(Adam Johnson)
[18:58:57]ACCESS: Login: Smet19/(Adam Johnson) from 37.145.197.85-3272461766 || BYOND v503
[18:58:57]ADMIN: Guap6512/(William Wilkerson) : Шкаф-то наху&#255;?
[18:59:02]ADMIN: Guap6512/(William Wilkerson) : Чтоб не упал в опенспейс?
[18:59:07]OOC: Adam Johnson/Smet19 : А то
[18:59:10]OOC: Adam Johnson/Smet19 : А еще от астеройда
[18:59:14]OOC: Adam Johnson/Smet19 : Я в первй раз так умкер
[18:59:17]ACCESS: Logout: *no client*/(Adam Johnson)
[18:59:17]ACCESS: Login: Smet19/(Adam Johnson) from 37.145.197.85-3272461766 || BYOND v503
[18:59:47]OOC: William Wilkerson/Guap6512 : О бл&#255;дь
[18:59:48]OOC: William Wilkerson/Guap6512 : Сука
[18:59:53]OOC: William Wilkerson/Guap6512 : Я вылез случайно
[18:59:54]OOC: William Wilkerson/Guap6512 : И...
[18:59:56]OOC: William Wilkerson/Guap6512 : УСНУЛ!!!
[19:00:04]OOC: Adam Johnson/Smet19 : Лал
[19:00:07]ADMIN: Guap6512/(William Wilkerson) healed / revived Guap6512/(William Wilkerson)
[19:00:26]ADMIN: Guap6512/(William Wilkerson) : мWilliam Wilkerson has been knocked down by the force of Quartermaster&#39;s wardrobe!
[19:00:33]ADMIN: Guap6512/(William Wilkerson) healed / revived Guap6512/(William Wilkerson)
[19:00:42]EMOTE: William Wilkerson/Guap6512 : <B>William Wilkerson</B> gasps!
[19:01:04]ADMIN: Guap6512/(William Wilkerson) changed the equipment of Guap6512/(William Wilkerson) to miner commando.
[19:01:19]ADMIN: Guap6512/(William Wilkerson) changed the equipment of Guap6512/(William Wilkerson) to special ops officer.
[19:01:33]ADMIN: Guap6512/(William Wilkerson) changed the equipment of Guap6512/(William Wilkerson) to assassin.
[19:01:38]ADMIN: Guap6512/(William Wilkerson) healed / revived Guap6512/(William Wilkerson)
[19:02:14]ADMIN: Guap6512/(William Wilkerson) created a /obj/item/weapon/tank/jetpack/void
[19:02:17]ADMIN: Smet19/(Adam Johnson) healed / revived Smet19/(Adam Johnson)
[19:02:18]EMOTE: William Wilkerson/Guap6512 : <B>William Wilkerson</B> gasps!
[19:02:29]EMOTE: Adam Johnson/Smet19 : <B>Adam Johnson</B> gasps!
[19:02:38]ADMIN: Guap6512/(William Wilkerson) healed / revived Guap6512/(William Wilkerson)
[19:02:40]EMOTE: Adam Johnson/Smet19 : <B>Adam Johnson</B> gasps!
[19:02:49]ADMIN: Smet19/(Adam Johnson) healed / revived Smet19/(Adam Johnson)
[19:02:57]ADMIN: Smet19/(Adam Johnson) : Где тут билдмод?
[19:02:59]EMOTE: William Wilkerson/Guap6512 : <B>William Wilkerson</B> gasps!
[19:03:04]EMOTE: Adam Johnson/Smet19 : <B>Adam Johnson</B> gasps!
[19:03:12]ADMIN: Smet19/(Adam Johnson) healed / revived Smet19/(Adam Johnson)
[19:03:27]ADMIN: Guap6512/(William Wilkerson) : Был где-то
[19:03:32]ADMIN: Guap6512/(William Wilkerson) : Я юзал, когда педалил
[19:03:32]EMOTE: William Wilkerson/Guap6512 : <B>William Wilkerson</B> gasps!
[19:03:39]ADMIN: Guap6512/(William Wilkerson) healed / revived Guap6512/(William Wilkerson)
[19:03:50]EMOTE: William Wilkerson/Guap6512 : <B>William Wilkerson</B> gasps!
[19:04:47]ADMIN: Guap6512/(William Wilkerson) healed / revived Guap6512/(William Wilkerson)
[19:05:13]ADMIN: Guap6512/(William Wilkerson) : Таки они доделали раздельный доступ
[19:05:23]ADMIN: Guap6512/(William Wilkerson) jumped to 40,109,1 in the Docking Arm
[19:05:30]ADMIN: Guap6512/(William Wilkerson) jumped to 57,106,1 in the Starboard Primary Hallway
[19:05:34]SAY: Runtime/ : Esp!
[19:05:50]ADMIN: Guap6512/(William Wilkerson) : Даже доступы пофиксили
[19:05:52]ADMIN: Guap6512/(William Wilkerson) : А, не
[19:05:54]ADMIN: Guap6512/(William Wilkerson) : Показалось
[19:05:58]ADMIN: Guap6512/(William Wilkerson) : В химию общий
[19:06:02]ADMIN: Guap6512/(William Wilkerson) teleported Smet19/(Adam Johnson)
[19:06:08]SAY: Adam Johnson/Smet19 : НУ НАХУЯ
[19:06:16]OOC: William Wilkerson/Guap6512 : Я СЛУЧАЙНО СМЕТА
[19:06:29]ADMIN: Smet19/(Adam Johnson) jumped to the Syndicate Station Location 2
[19:06:39]ADMIN: Guap6512/(William Wilkerson) jumped to Smet19/(Adam Johnson)
[19:06:41]EMOTE: William Wilkerson/Guap6512 : <B>William Wilkerson</B> gasps!
[19:06:42]ADMIN: Smet19/(Adam Johnson) jumped to the MMC Cafeteria
[19:06:45]SAY: William Wilkerson/Guap6512 : Заебца прыгнул
[19:06:47]EMOTE: William Wilkerson/Guap6512 : <B>William Wilkerson</B> gasps!
[19:06:48]ADMIN: Guap6512/(William Wilkerson) jumped to Smet19/(Adam Johnson)
[19:07:05]EMOTE: William Wilkerson/Guap6512 : <B>William Wilkerson</B> gasps!
[19:07:10]ADMIN: Guap6512/(William Wilkerson) healed / revived Guap6512/(William Wilkerson)
[19:07:11]EMOTE: William Wilkerson/Guap6512 : <B>William Wilkerson</B> gasps!
[19:07:17]EMOTE: William Wilkerson/Guap6512 : <B>William Wilkerson</B> gasps!
[19:07:18]SAY: William Wilkerson/Guap6512 : Го на д-дереликт
[19:07:22]SAY: Adam Johnson/Smet19 : В-Воздуха н-н-наспавнь
[19:07:23]EMOTE: William Wilkerson/Guap6512 : <B>William Wilkerson</B> gasps!
[19:07:31]SAY: Adam Johnson/Smet19 : А в-впрочем п-похуй
[19:07:39]EMOTE: William Wilkerson/Guap6512 : <B>William Wilkerson</B> gasps!
[19:07:47]EMOTE: Adam Johnson/Smet19 : <B>Adam Johnson</B> gasps!
[19:08:02]ADMIN: Guap6512/(William Wilkerson) created a /obj/mecha/medical/odysseus
[19:08:05]EMOTE: William Wilkerson/Guap6512 : <B>William Wilkerson</B> gasps!
[19:08:05]EMOTE: Adam Johnson/Smet19 : <B>Adam Johnson</B> gasps!
[19:08:05]ADMIN: Guap6512/(William Wilkerson) created a /obj/mecha/medical/odysseus
[19:08:12]ADMIN: Guap6512/(William Wilkerson) : У мен&#255; беда
[19:08:17]EMOTE: William Wilkerson/Guap6512 : <B>William Wilkerson</B> gasps!
[19:08:17]ADMIN: Guap6512/(William Wilkerson) : Я разочаровалс&#255; в двушке
[19:08:26]ADMIN: Guap6512/(William Wilkerson) healed / revived Guap6512/(William Wilkerson)
[19:08:49]EMOTE: Adam Johnson/Smet19 : <B>Adam Johnson</B> gasps!
[19:09:12]SAY: William Wilkerson/Guap6512 : Пидр
[19:09:26]SAY: William Wilkerson/Guap6512 : пидр
[19:09:30]SAY: Adam Johnson/Smet19 : А ТО
[19:09:30]SAY: William Wilkerson/Guap6512 : Не смей мне сингу делать
[19:09:32]SAY: William Wilkerson/Guap6512 : Сука
[19:09:34]SAY: Adam Johnson/Smet19 : Я ХОЧУ
[19:09:35]SAY: Adam Johnson/Smet19 : ПРОСТО
[19:09:35]SAY: William Wilkerson/Guap6512 : У мен&#255; комп сломаетс&#255;
[19:09:38]SAY: Adam Johnson/Smet19 : ОДИН РАЗ
[19:09:41]SAY: William Wilkerson/Guap6512 : Го на дереликт
[19:09:44]SAY: William Wilkerson/Guap6512 : А потом сингу
[19:09:45]SAY: William Wilkerson/Guap6512 : В конце
[19:09:45]SAY: Adam Johnson/Smet19 : ОК
[19:09:54]SAY: William Wilkerson/Guap6512 : 100% упадет игра же
[19:09:57]SAY: Adam Johnson/Smet19 : ЗА МНОЙ
[19:10:39]EMOTE: Adam Johnson/Smet19 : <B>Adam Johnson</B> screams!
[19:10:41]SAY: Adam Johnson/Smet19 : ЕЕЕЙ
[19:10:44]ADMIN: Guap6512/(William Wilkerson) : Жду теб&#255; в инжебее
[19:10:55]ADMIN: Smet19/(Adam Johnson) healed / revived Smet19/(Adam Johnson)
[19:11:15]ADMIN: Smet19/(Adam Johnson) : Каком именно?
[19:11:43]ADMIN: Smet19/(Adam Johnson) jumped to 101,96,5 in Abandoned Mining Station
[19:11:47]ADMIN: Smet19/(Adam Johnson) jumped to 95,96,5 in Abandoned Mining Station
[19:11:51]ADMIN: Smet19/(Adam Johnson) jumped to 87,96,5 in Abandoned Mining Station
[19:11:52]ADMIN: Guap6512/(William Wilkerson) : В моем
[19:11:55]ADMIN: Guap6512/(William Wilkerson) : ММС
[19:11:56]ADMIN: Guap6512/(William Wilkerson) : Пидор
[19:12:04]ADMIN: Smet19/(Adam Johnson) : Я на дереликет
[19:12:10]ADMIN: Guap6512/(William Wilkerson) teleported Smet19/(Adam Johnson)
[19:12:13]SAY: Adam Johnson/Smet19 : ОХУЕЛД
[19:12:15]EMOTE: Adam Johnson/Smet19 : <B>Adam Johnson</B> gasps!
[19:12:16]SAY: William Wilkerson/Guap6512 : Иди бери одиссе&#255;
[19:12:17]SAY: Adam Johnson/Smet19 : ИДИ ЗА МНОЙ
[19:12:20]SAY: William Wilkerson/Guap6512 : И го пешком
[19:12:22]SAY: Adam Johnson/Smet19 : ПИДР
[19:12:35]EMOTE: Adam Johnson/Smet19 : <B>Adam Johnson</B> gasps!
[19:12:41]SAY: Adam Johnson/Smet19 : Не еби бл&#255;дь мозги
[19:12:42]SAY: Adam Johnson/Smet19 : ЗА МНОЛЙ
[19:13:11]SAY: William Wilkerson/Guap6512 : СЛОМАЛЕЙ
[19:13:44]ADMIN: Smet19/(Adam Johnson) jumped to 101,95,5 in Abandoned Mining Station
[19:13:47]SAY: William Wilkerson/Guap6512 : У нас тут база культа была
[19:13:49]SAY: William Wilkerson/Guap6512 : В подвале
[19:13:54]SAY: William Wilkerson/Guap6512 : Атмосферно-то как было
[19:13:54]ADMIN: Smet19/(Adam Johnson) deleted the wooden barricade at (101,94,5)
[19:13:55]SAY: William Wilkerson/Guap6512 : Ебаать
[19:14:02]SAY: Adam Johnson/Smet19 : Ты охуел
[19:14:03]SAY: Adam Johnson/Smet19 : ОТОЙДИ
[19:14:08]SAY: Adam Johnson/Smet19 : ОХ БЛЯ
[19:14:14]SAY: Adam Johnson/Smet19 : ДУБЛЯЖ
[19:14:19]ADMIN: Smet19/(Adam Johnson) deleted Odysseus at (101,93,5)
[19:14:25]ADMIN: Smet19/(Adam Johnson) jumped to 93,97,5 in Abandoned Mining Station
[19:14:29]ADMIN: Smet19/(Adam Johnson) jumped to 87,96,5 in Abandoned Mining Station
[19:14:55]ADMIN: Guap6512/(William Wilkerson) jumped to Smet19/(Adam Johnson)
[19:15:13]SAY: William Wilkerson/Guap6512 : Ну?
[19:15:16]SAY: William Wilkerson/Guap6512 : Ты скоро?
[19:15:18]SAY: William Wilkerson/Guap6512 : Я уже хочу сингу
[19:15:26]ADMIN: Smet19/(Adam Johnson) deleted Podlock at (86,88,5)
[19:15:27]SAY: William Wilkerson/Guap6512 : Сделать?
[19:15:40]EMOTE: Adam Johnson/Smet19 : <B>Adam Johnson</B> screams!
[19:15:44]ADMIN: Smet19/(Adam Johnson) healed / revived Smet19/(Adam Johnson)
[19:15:46]ADMIN: Guap6512/(William Wilkerson) : Ага бл&#255;дь
[19:15:48]ADMIN: Guap6512/(William Wilkerson) : Ноудамаг
[19:15:53]ADMIN: Guap6512/(William Wilkerson) healed / revived Guap6512/(William Wilkerson)
[19:15:55]EMOTE: William Wilkerson/Guap6512 : <B>William Wilkerson</B> gasps!
[19:15:55]EMOTE: William Wilkerson/Guap6512 : <B>William Wilkerson</B> coughs!
[19:16:03]EMOTE: William Wilkerson/Guap6512 : <B>William Wilkerson</B> gasps!
[19:16:03]EMOTE: Adam Johnson/Smet19 : <B>Adam Johnson</B> coughs!
[19:16:04]ADMIN: Smet19/(Adam Johnson) healed / revived Smet19/(Adam Johnson)
[19:16:07]SAY: Adam Johnson/Smet19 : Спавни мех
[19:16:11]EMOTE: Adam Johnson/Smet19 : <B>Adam Johnson</B> coughs!
[19:16:12]ADMIN: Smet19/(Adam Johnson) healed / revived Guap6512/(William Wilkerson)
[19:16:15]ADMIN: Smet19/(Adam Johnson) : Спавни мех
[19:16:18]EMOTE: William Wilkerson/Guap6512 : <B>William Wilkerson</B> coughs!
[19:16:25]ADMIN: Smet19/(Adam Johnson) healed / revived Smet19/(Adam Johnson)
[19:16:39]EMOTE: William Wilkerson/Guap6512 : <B>William Wilkerson</B> coughs!
[19:16:43]ADMIN: Smet19/(Adam Johnson) healed / revived Smet19/(Adam Johnson)
[19:16:53]EMOTE: William Wilkerson/Guap6512 : <B>William Wilkerson</B> gasps!
[19:16:57]ADMIN: Guap6512/(William Wilkerson) created a /obj/mecha/combat/marauder/seraph
[19:17:00]EMOTE: William Wilkerson/Guap6512 : <B>William Wilkerson</B> gasps!
[19:17:00]ADMIN: Guap6512/(William Wilkerson) created a /obj/mecha/combat/marauder/mauler
[19:17:06]ADMIN: Guap6512/(William Wilkerson) healed / revived Guap6512/(William Wilkerson)
[19:17:18]ADMIN: Guap6512/(William Wilkerson) : ЕБАТЬ
[19:17:23]ADMIN: Guap6512/(William Wilkerson) : ЭКСЕС ДЕНАЙД
[19:17:33]EMOTE: Adam Johnson/Smet19 : <B>Adam Johnson</B> gasps!
[19:17:33]EMOTE: Adam Johnson/Smet19 : <B>Adam Johnson</B> coughs!
[19:17:39]ADMIN: Guap6512/(William Wilkerson) : Что происходит?
[19:17:40]EMOTE: William Wilkerson/Guap6512 : <B>William Wilkerson</B> coughs!
[19:17:47]EMOTE: William Wilkerson/Guap6512 : <B>William Wilkerson</B> coughs!
[19:17:53]ADMIN: Guap6512/(William Wilkerson) created a /obj/machinery/atmospherics/pipe/simple/heat_exchanging/junction
[19:17:55]ADMIN: Smet19/(Adam Johnson) created a /obj/mecha/medical/odysseus
[19:18:02]ADMIN: Smet19/(Adam Johnson) healed / revived Smet19/(Adam Johnson)
[19:18:07]ADMIN: Guap6512/(William Wilkerson) created a /obj/mecha/medical/odysseus
[19:18:13]ADMIN: Smet19/(Adam Johnson) healed / revived Smet19/(Adam Johnson)
[19:18:20]EMOTE: Adam Johnson/Smet19 : <B>Adam Johnson</B> coughs!
[19:18:25]ADMIN: Smet19/(Adam Johnson) healed / revived Smet19/(Adam Johnson)
[19:18:27]EMOTE: William Wilkerson/Guap6512 : <B>William Wilkerson</B> gasps!
[19:18:27]EMOTE: Adam Johnson/Smet19 : <B>Adam Johnson</B> gasps!
[19:18:30]EMOTE: William Wilkerson/Guap6512 : <B>William Wilkerson</B> is having trouble keeping their eyes open.
[19:18:34]EMOTE: Adam Johnson/Smet19 : <B>Adam Johnson</B> gasps!
[19:18:41]ADMIN: Guap6512/(William Wilkerson) healed / revived Guap6512/(William Wilkerson)
[19:18:47]EMOTE: Adam Johnson/Smet19 : <B>Adam Johnson</B> coughs!
[19:18:50]ADMIN: Smet19/(Adam Johnson) healed / revived Guap6512/(William Wilkerson)
[19:18:53]ADMIN: Guap6512/(William Wilkerson) healed / revived Guap6512/(William Wilkerson)
[19:18:57]ADMIN: Smet19/(Adam Johnson) healed / revived Guap6512/(William Wilkerson)
[19:19:02]ADMIN: Guap6512/(William Wilkerson) has toggled Guap6512/(William Wilkerson)'s nodamage to Off
[19:19:05]ADMIN: Smet19/(Adam Johnson) healed / revived Guap6512/(William Wilkerson)
[19:19:08]EMOTE: Adam Johnson/Smet19 : <B>Adam Johnson</B> coughs!
[19:19:10]ADMIN: Guap6512/(William Wilkerson) has toggled Guap6512/(William Wilkerson)'s nodamage to On
[19:19:14]EMOTE: William Wilkerson/Guap6512 : <B>William Wilkerson</B> gasps!
[19:19:18]ADMIN: Guap6512/(William Wilkerson) healed / revived Guap6512/(William Wilkerson)
[19:19:21]EMOTE: William Wilkerson/Guap6512 : <B>William Wilkerson</B> coughs!
[19:19:28]EMOTE: William Wilkerson/Guap6512 : <B>William Wilkerson</B> gasps!
[19:19:28]EMOTE: Adam Johnson/Smet19 : <B>Adam Johnson</B> gasps!
[19:19:28]ACCESS: Logout: *no client*/(Adam Johnson)
[19:19:28]ACCESS: Login: Smet19/(Adam Johnson) from 37.145.197.85-3272461766 || BYOND v503
[19:19:32]ADMIN: Smet19/(Adam Johnson) healed / revived Guap6512/(William Wilkerson)
[19:19:36]ADMIN: Smet19/(Adam Johnson) healed / revived Guap6512/(William Wilkerson)
[19:19:40]ADMIN: Smet19/(Adam Johnson) healed / revived Guap6512/(William Wilkerson)
[19:19:41]EMOTE: Adam Johnson/ : <B>Adam Johnson</B> coughs!
[19:19:42]ADMIN: Smet19/(Adam Johnson) healed / revived Guap6512/(William Wilkerson)
[19:19:45]EMOTE: Adam Johnson/ : <B>Adam Johnson</B> is having trouble keeping their eyes open.
[19:19:46]ADMIN: Smet19/(Adam Johnson) healed / revived Guap6512/(William Wilkerson)
[19:19:48]EMOTE: William Wilkerson/Guap6512 : <B>William Wilkerson</B> coughs!
[19:19:52]ACCESS: Logout: *no client*/(Adam Johnson)
[19:19:52]ACCESS: Login: Smet19/(Adam Johnson) from 37.145.197.85-3272461766 || BYOND v503
[19:19:53]ADMIN: Guap6512/(William Wilkerson) : О д..
[19:19:54]ADMIN: Guap6512/(William Wilkerson) : БЛЯЯДЬ
[19:19:59]ADMIN: Smet19/(Adam Johnson) : Теперь ты мен&#255;
[19:19:59]ADMIN: Guap6512/(William Wilkerson) : Я УСНУЛ В МЕХЕ
[19:20:02]EMOTE: Adam Johnson/Smet19 : <B>Adam Johnson</B> gasps!
[19:20:02]EMOTE: Adam Johnson/Smet19 : <B>Adam Johnson</B> coughs!
[19:20:14]ADMIN: Smet19/(Adam Johnson) : Мен&#255; ревайвай
[19:20:15]EMOTE: William Wilkerson/Guap6512 : <B>William Wilkerson</B> coughs!
[19:20:20]ADMIN: Guap6512/(William Wilkerson) healed / revived Smet19/(Adam Johnson)
[19:20:26]ADMIN: Guap6512/(William Wilkerson) healed / revived Smet19/(Adam Johnson)
[19:20:27]ADMIN: Smet19/(Adam Johnson) : МНОГО РАЗ БЛЯ
[19:20:29]ADMIN: Guap6512/(William Wilkerson) healed / revived Smet19/(Adam Johnson)
[19:20:35]ADMIN: Guap6512/(William Wilkerson) healed / revived Smet19/(Adam Johnson)
[19:20:45]ADMIN: Guap6512/(William Wilkerson) : Секунду...
[19:20:49]ADMIN: Smet19/(Adam Johnson) : Все
[19:21:19]ADMIN: Guap6512/(William Wilkerson) : У теб&#255; не засыпает в мехе?
[19:21:20]ACCESS: Logout: *no client*/(Adam Johnson)
[19:21:20]ACCESS: Login: Smet19/(Adam Johnson) from 37.145.197.85-3272461766 || BYOND v503
[19:21:32]ADMIN: Smet19/(Adam Johnson) : Нет
[19:21:33]ADMIN: Guap6512/(William Wilkerson) healed / Rrvived Guap6512/(William Wilkerson)
[19:21:40]ADMIN: Guap6512/(William Wilkerson) healed / Rrvived Guap6512/(William Wilkerson)
[19:21:42]ADMIN: Guap6512/(William Wilkerson) healed / Rrvived Guap6512/(William Wilkerson)
[19:21:43]ADMIN: Guap6512/(William Wilkerson) healed / Rrvived Guap6512/(William Wilkerson)
[19:21:44]ADMIN: Smet19/(Adam Johnson) : Жми Toggle internal tank usage
[19:21:45]ADMIN: Guap6512/(William Wilkerson) healed / Rrvived Guap6512/(William Wilkerson)
[19:21:47]ADMIN: Guap6512/(William Wilkerson) healed / Rrvived Guap6512/(William Wilkerson)
[19:21:50]ADMIN: Guap6512/(William Wilkerson) healed / Rrvived Guap6512/(William Wilkerson)
[19:22:00]ADMIN: Guap6512/(William Wilkerson) : Ты где?
[19:22:19]ADMIN: Guap6512/(William Wilkerson) has added a random AI law.
[19:22:22]EMOTE: William Wilkerson/Guap6512 : <B>William Wilkerson</B> gasps!
[19:22:30]ADMIN: Smet19/(Adam Johnson) : Обсервлю
[19:22:35]EMOTE: William Wilkerson/Guap6512 : <B>William Wilkerson</B> gasps!
[19:22:55]EMOTE: William Wilkerson/Guap6512 : <B>William Wilkerson</B> coughs!
[19:22:59]ACCESS: Logout: *no client*/(William Wilkerson)
[19:22:59]ACCESS: Login: Guap6512/(William Wilkerson) from 127.0.0.1-1851605342 || BYOND v498
[19:23:02]EMOTE: William Wilkerson/ : <B>William Wilkerson</B> gasps!
[19:23:09]EMOTE: William Wilkerson/ : <B>William Wilkerson</B> coughs!
[19:23:13]ADMIN: Guap6512/(William Wilkerson) jumped to Smet19/(Adam Johnson)
[19:23:16]EMOTE: William Wilkerson/ : <B>William Wilkerson</B> coughs!
[19:23:21]ADMIN: Guap6512/(William Wilkerson) : Как тебе?
[19:23:29]ADMIN: Smet19/(Adam Johnson) : Пиздато
[19:23:29]EMOTE: William Wilkerson/ : <B>William Wilkerson</B> gasps!
[19:23:35]ADMIN: Smet19/(Adam Johnson) : Алсо,где тюремка у Тг?
[19:23:38]ADMIN: Guap6512/(William Wilkerson) : Хз
[19:23:39]EMOTE: William Wilkerson/ : <B>William Wilkerson</B> is having trouble keeping their eyes open.
[19:23:41]ADMIN: Guap6512/(William Wilkerson) : Где ма&#255;к синги?
[19:23:42]EMOTE: William Wilkerson/ : <B>William Wilkerson</B> coughs!
[19:23:47]ACCESS: Logout: Smet19/(Adam Johnson)
[19:23:49]EMOTE: William Wilkerson/ : <B>William Wilkerson</B> gasps!
[19:24:03]EMOTE: William Wilkerson/ : <B>William Wilkerson</B> coughs!
[19:24:09]EMOTE: William Wilkerson/ : <B>William Wilkerson</B> gasps!
[19:24:14]ADMIN: Guap6512/(William Wilkerson) jumped to the MMC Cafeteria
[19:24:23]EMOTE: William Wilkerson/ : <B>William Wilkerson</B> gasps!
[19:24:37]EMOTE: William Wilkerson/ : <B>William Wilkerson</B> coughs!
[19:24:44]EMOTE: William Wilkerson/ : <B>William Wilkerson</B> gasps!
[19:24:44]EMOTE: William Wilkerson/ : <B>William Wilkerson</B> coughs!
[19:25:04]EMOTE: William Wilkerson/ : <B>William Wilkerson</B> coughs!
[19:25:25]EMOTE: William Wilkerson/ : <B>William Wilkerson</B> gasps!
[19:25:25]ADMIN: Guap6512/(William Wilkerson) created a /obj/machinery/atmospherics/pipe/simple/heat_exchanging/junction
[19:25:31]EMOTE: William Wilkerson/ : <B>William Wilkerson</B> coughs!
[19:25:37]ADMIN: Guap6512/(William Wilkerson) created a /obj/machinery/singularity/narsie
[19:26:35]ADMIN: Guap6512/(William Wilkerson) deleted Tear in the Fabric of Reality at (87,120,8)
[19:26:45]ADMIN: Guap6512/(William Wilkerson) created a /obj/machinery/singularity/narsie/wizard
[19:26:48]ADMIN: Guap6512/(William Wilkerson) created a /obj/machinery/singularity/narsie/wizard
[19:26:53]ADMIN: Guap6512/(William Wilkerson) created a /obj/machinery/singularity/narsie/wizard
[19:26:57]ADMIN: Guap6512/(William Wilkerson) created a /obj/machinery/singularity/narsie/wizard
[19:27:01]ADMIN: Guap6512/(William Wilkerson) created a /obj/machinery/singularity/narsie/wizard
[19:27:04]ADMIN: Guap6512/(William Wilkerson) created a /obj/machinery/singularity/narsie/wizard
[19:27:13]ADMIN: Guap6512/(William Wilkerson) created a /obj/machinery/singularity/narsie/wizard
[19:27:14]EMOTE: William Wilkerson/ : <B>William Wilkerson</B> gasps!
[19:27:16]ADMIN: Guap6512/(William Wilkerson) created a /obj/machinery/singularity/narsie/wizard
[19:27:49]EMOTE: William Wilkerson/ : <B>William Wilkerson</B> gasps!
[19:28:12]ADMIN: Guap6512/(William Wilkerson) deleted Tear in the Fabric of Reality at (87,122,8)
[19:28:20]EMOTE: William Wilkerson/ : <B>William Wilkerson</B> coughs!
[19:28:40]EMOTE: William Wilkerson/ : <B>William Wilkerson</B> coughs!
[19:28:46]EMOTE: William Wilkerson/ : <B>William Wilkerson</B> gasps!
[19:28:48]ADMIN: Guap6512/(William Wilkerson) created a /obj/machinery/singularity/narsie/wizard
[19:28:53]EMOTE: William Wilkerson/ : <B>William Wilkerson</B> coughs!
[19:28:57]ADMIN: Guap6512/(William Wilkerson) deleted Tear in the Fabric of Reality at (117,75,8)
[19:29:00]EMOTE: William Wilkerson/ : <B>William Wilkerson</B> gasps!
[19:29:04]ADMIN: Guap6512/(William Wilkerson) created a /obj/machinery/singularity/narsie/wizard
[19:29:06]EMOTE: William Wilkerson/ : <B>William Wilkerson</B> gasps!
[19:29:06]EMOTE: William Wilkerson/ : <B>William Wilkerson</B> coughs!
[19:29:13]ADMIN: Guap6512/(William Wilkerson) deleted Tear in the Fabric of Reality at (123,75,8)
[19:29:16]ADMIN: Guap6512/(William Wilkerson) created a /obj/machinery/singularity_beacon/syndicate
[19:29:20]EMOTE: William Wilkerson/ : <B>William Wilkerson</B> coughs!
[19:29:24]ADMIN: Guap6512/(William Wilkerson) created a /obj/machinery/singularity
[19:29:26]EMOTE: William Wilkerson/ : <B>William Wilkerson</B> coughs!
[19:29:46]SAY: Runtime/ : Esp!
[19:29:53]EMOTE: William Wilkerson/ : <B>William Wilkerson</B> gasps!
[19:30:08]ADMIN: Guap6512/(William Wilkerson) deleted Gravitational Singularity at (121,75,8)
[19:30:13]ADMIN: Guap6512/(William Wilkerson) created a /obj/machinery/singularity
[19:30:20]EMOTE: William Wilkerson/ : <B>William Wilkerson</B> coughs!
[19:30:27]EMOTE: William Wilkerson/ : <B>William Wilkerson</B> gasps!
[19:30:27]EMOTE: William Wilkerson/ : <B>William Wilkerson</B> coughs!
[19:30:40]ADMIN: Guap6512/(William Wilkerson) created a /obj/machinery/singularity
[19:30:43]ADMIN: Guap6512/(William Wilkerson) created a /obj/machinery/singularity
[19:30:52]ADMIN: Guap6512/(William Wilkerson) created a /obj/machinery/singularity/narsie/wizard
[19:30:57]ADMIN: Guap6512/(William Wilkerson) deleted Tear in the Fabric of Reality at (111,97,8)
[19:31:02]ADMIN: Guap6512/(William Wilkerson) created a /obj/machinery/singularity
[19:31:03]ADMIN: Guap6512/(William Wilkerson) created a /obj/machinery/singularity
[19:31:05]ADMIN: Guap6512/(William Wilkerson) created a /obj/machinery/singularity
[19:31:06]ADMIN: Guap6512/(William Wilkerson) created a /obj/machinery/singularity
[19:31:08]ADMIN: Guap6512/(William Wilkerson) created a /obj/machinery/singularity
[19:31:11]EMOTE: William Wilkerson/ : <B>William Wilkerson</B> gasps!
[19:31:11]ADMIN: Guap6512/(William Wilkerson) created a /obj/machinery/singularity
[19:31:13]ADMIN: Guap6512/(William Wilkerson) created a /obj/machinery/singularity
[19:31:14]ADMIN: Guap6512/(William Wilkerson) created a /obj/machinery/singularity
[19:31:16]ADMIN: Guap6512/(William Wilkerson) created a /obj/machinery/singularity
[19:31:19]ADMIN: Guap6512/(William Wilkerson) created a /obj/machinery/singularity
[19:31:21]ADMIN: Guap6512/(William Wilkerson) created a /obj/machinery/singularity
[19:31:23]ADMIN: Guap6512/(William Wilkerson) created a /obj/machinery/singularity
[19:31:25]ADMIN: Guap6512/(William Wilkerson) created a /obj/machinery/singularity
[19:31:26]ADMIN: Guap6512/(William Wilkerson) created a /obj/machinery/singularity
[19:31:28]ADMIN: Guap6512/(William Wilkerson) created a /obj/machinery/singularity
[19:31:45]EMOTE: William Wilkerson/ : <B>William Wilkerson</B> gasps!
[19:32:06]EMOTE: William Wilkerson/ : <B>William Wilkerson</B> coughs!
[19:32:06]GAME: Rebooting because of no live players
[19:32:06]ACCESS: Logout: Guap6512/(William Wilkerson)
